Построение начато 12.12.2022 23:53:21.
     1>Проект "F:\Вартанов Алексей 21ВВ1\2 курс\отчёты\Алгоритмы и т.д\в прогрессе\6 лаб\lab6.3,2\lab6.3,2\lab6.3,2.vcxproj" в узле 2 (целевые объекты build).
     1>InitializeBuildStatus:
         Создание "Debug\lab6.3,2.unsuccessfulbuild", так как было задано "AlwaysCreate".
       ClCompile:
         C:\Program Files (x86)\Microsoft Visual Studio 10.0\VC\bin\CL.exe /c /ZI /nologo /W3 /WX- /Od /Oy- /D WIN32 /D _DEBUG /D _CONSOLE /D _UNICODE /D UNICODE /Gm /EHsc /RTC1 /MDd /GS /fp:precise /Zc:wchar_t /Zc:forScope /Fo"Debug\\" /Fd"Debug\vc100.pdb" /Gd /TP /analyze- /errorReport:prompt main.cpp
         main.cpp
     1>f:\вартанов алексей 21вв1\2 курс\отчёты\алгоритмы и т.д\в прогрессе\6 лаб\lab6.3,2\lab6.3,2\main.cpp(9): warning C4244: аргумент: преобразование "time_t" в "unsigned int", возможна потеря данных
     1>f:\вартанов алексей 21вв1\2 курс\отчёты\алгоритмы и т.д\в прогрессе\6 лаб\lab6.3,2\lab6.3,2\main.cpp(10): warning C4101: j: неиспользованная локальная переменная
       ManifestResourceCompile:
         Для всех выходных данных обновления не требуется.
       Link:
         C:\Program Files (x86)\Microsoft Visual Studio 10.0\VC\bin\link.exe /ERRORREPORT:PROMPT /OUT:"F:\Вартанов Алексей 21ВВ1\2 курс\отчёты\Алгоритмы и т.д\в прогрессе\6 лаб\lab6.3,2\Debug\lab6.3,2.exe" /INCREMENTAL /NOLOGO kernel32.lib user32.lib gdi32.lib winspool.lib comdlg32.lib advapi32.lib shell32.lib ole32.lib oleaut32.lib uuid.lib odbc32.lib odbccp32.lib /MANIFEST /ManifestFile:"Debug\lab6.3,2.exe.intermediate.manifest" /MANIFESTUAC:"level='asInvoker' uiAccess='false'" /DEBUG /PDB:"F:\Вартанов Алексей 21ВВ1\2 курс\отчёты\Алгоритмы и т.д\в прогрессе\6 лаб\lab6.3,2\Debug\lab6.3,2.pdb" /SUBSYSTEM:CONSOLE /TLBID:1 /DYNAMICBASE /NXCOMPAT /IMPLIB:"F:\Вартанов Алексей 21ВВ1\2 курс\отчёты\Алгоритмы и т.д\в прогрессе\6 лаб\lab6.3,2\Debug\lab6.3,2.lib" /MACHINE:X86 "Debug\lab6.3,2.exe.embed.manifest.res"
         Debug\main.obj
       Manifest:
         C:\Program Files (x86)\Microsoft SDKs\Windows\v7.0A\bin\mt.exe /nologo /verbose /out:"Debug\lab6.3,2.exe.embed.manifest" /manifest "Debug\lab6.3,2.exe.intermediate.manifest"
         Для всех выходных данных обновления не требуется.
       LinkEmbedManifest:
         Для всех выходных данных обновления не требуется.
         lab6.3,2.vcxproj -> F:\Вартанов Алексей 21ВВ1\2 курс\отчёты\Алгоритмы и т.д\в прогрессе\6 лаб\lab6.3,2\Debug\lab6.3,2.exe
       FinalizeBuildStatus:
         Файл "Debug\lab6.3,2.unsuccessfulbuild" удаляется.
         Обращение к "Debug\lab6.3,2.lastbuildstate".
     1>Построение проекта "F:\Вартанов Алексей 21ВВ1\2 курс\отчёты\Алгоритмы и т.д\в прогрессе\6 лаб\lab6.3,2\lab6.3,2\lab6.3,2.vcxproj" завершено (целевые объекты build).

Построение успешно завершено.

Затраченное время: 00:00:04.80
